INFO:     Started server process [42840]
INFO:     Waiting for application startup.
INFO:agent-server:Tool indexes loaded in 0.1s
INFO:     Application startup complete.
INFO:     Uvicorn running on http://0.0.0.0:8080 (Press CTRL+C to quit)
INFO:     127.0.0.1:47072 - "GET /health HTTP/1.1" 200 OK
INFO:httpx:HTTP Request: POST http://localhost:4000/v1/chat/completions "HTTP/1.1 200 OK"
INFO:httpx:HTTP Request: POST http://localhost:4000/v1/chat/completions "HTTP/1.1 200 OK"
INFO:httpx:HTTP Request: POST http://localhost:4000/v1/chat/completions "HTTP/1.1 200 OK"
INFO:agent-server:Answered in 5.1s (2 steps): 'From the first RBA record to the last, how many cash-rate decisions changed the '
INFO:     127.0.0.1:47080 - "POST /query HTTP/1.1" 200 OK
INFO:httpx:HTTP Request: POST http://localhost:4000/v1/chat/completions "HTTP/1.1 200 OK"
INFO:httpx:HTTP Request: POST http://localhost:4000/v1/chat/completions "HTTP/1.1 200 OK"
INFO:httpx:HTTP Request: POST http://localhost:4000/v1/chat/completions "HTTP/1.1 200 OK"
INFO:agent-server:Answered in 4.4s (2 steps): 'Across the 2011-2013 easing period, how many cuts occurred and how far did the t'
INFO:     127.0.0.1:47094 - "POST /query HTTP/1.1" 200 OK
INFO:httpx:HTTP Request: POST http://localhost:4000/v1/chat/completions "HTTP/1.1 200 OK"
INFO:httpx:HTTP Request: POST http://localhost:4000/v1/chat/completions "HTTP/1.1 200 OK"
INFO:httpx:HTTP Request: POST http://localhost:4000/v1/chat/completions "HTTP/1.1 200 OK"
INFO:agent-server:Answered in 5.9s (2 steps): 'What are the dimensions and common date range of the ASX dataset?'
INFO:     127.0.0.1:49422 - "POST /query HTTP/1.1" 200 OK
INFO:httpx:HTTP Request: POST http://localhost:4000/v1/chat/completions "HTTP/1.1 200 OK"
INFO:httpx:HTTP Request: POST http://localhost:4000/v1/chat/completions "HTTP/1.1 200 OK"
INFO:httpx:HTTP Request: POST http://localhost:4000/v1/chat/completions "HTTP/1.1 200 OK"
INFO:httpx:HTTP Request: POST http://localhost:4000/v1/chat/completions "HTTP/1.1 200 OK"
INFO:agent-server:Answered in 6.3s (3 steps): 'Excluding Tabcorp, which ticker had the best and worst 2018 return?'
INFO:     127.0.0.1:49434 - "POST /query HTTP/1.1" 200 OK
INFO:httpx:HTTP Request: POST http://localhost:4000/v1/chat/completions "HTTP/1.1 200 OK"
INFO:httpx:HTTP Request: POST http://localhost:4000/v1/chat/completions "HTTP/1.1 200 OK"
INFO:httpx:HTTP Request: POST http://localhost:4000/v1/chat/completions "HTTP/1.1 200 OK"
INFO:httpx:HTTP Request: POST http://localhost:4000/v1/chat/completions "HTTP/1.1 200 OK"
INFO:httpx:HTTP Request: POST http://localhost:4000/v1/chat/completions "HTTP/1.1 200 OK"
INFO:httpx:HTTP Request: POST http://localhost:4000/v1/chat/completions "HTTP/1.1 200 OK"
INFO:agent-server:Answered in 8.0s (5 steps): 'Excluding Tabcorp, which ticker has the highest average daily volume over the fu'
INFO:     127.0.0.1:33768 - "POST /query HTTP/1.1" 200 OK
INFO:httpx:HTTP Request: POST http://localhost:4000/v1/chat/completions "HTTP/1.1 200 OK"
INFO:httpx:HTTP Request: POST http://localhost:4000/v1/chat/completions "HTTP/1.1 200 OK"
INFO:httpx:HTTP Request: POST http://localhost:4000/v1/chat/completions "HTTP/1.1 200 OK"
INFO:agent-server:Answered in 8.0s (2 steps): 'Rank the three worst non-Tabcorp full-sample maximum drawdowns and identify each'
INFO:     127.0.0.1:55924 - "POST /query HTTP/1.1" 200 OK
INFO:httpx:HTTP Request: POST http://localhost:4000/v1/chat/completions "HTTP/1.1 200 OK"
INFO:httpx:HTTP Request: POST http://localhost:4000/v1/chat/completions "HTTP/1.1 200 OK"
INFO:httpx:HTTP Request: POST http://localhost:4000/v1/chat/completions "HTTP/1.1 200 OK"
INFO:httpx:HTTP Request: POST http://localhost:4000/v1/chat/completions "HTTP/1.1 200 OK"
INFO:httpx:HTTP Request: POST http://localhost:4000/v1/chat/completions "HTTP/1.1 200 OK"
INFO:httpx:HTTP Request: POST http://localhost:4000/v1/chat/completions "HTTP/1.1 200 OK"
INFO:httpx:HTTP Request: POST http://localhost:4000/v1/chat/completions "HTTP/1.1 200 OK"
INFO:agent-server:Answered in 15.4s (5 steps): 'Retrieve the AFR article "Travel stocks take off on vaccine rollout" published 2'
INFO:     127.0.0.1:47128 - "POST /query HTTP/1.1" 200 OK
INFO:httpx:HTTP Request: POST http://localhost:4000/v1/chat/completions "HTTP/1.1 200 OK"
INFO:httpx:HTTP Request: POST http://localhost:4000/v1/chat/completions "HTTP/1.1 200 OK"
INFO:httpx:HTTP Request: POST http://localhost:4000/v1/chat/completions "HTTP/1.1 200 OK"
INFO:httpx:HTTP Request: POST http://localhost:4000/v1/chat/completions "HTTP/1.1 200 OK"
INFO:httpx:HTTP Request: POST http://localhost:4000/v1/chat/completions "HTTP/1.1 200 OK"
INFO:httpx:HTTP Request: POST http://localhost:4000/v1/chat/completions "HTTP/1.1 200 OK"
INFO:httpx:HTTP Request: POST http://localhost:4000/v1/chat/completions "HTTP/1.1 200 OK"
INFO:httpx:HTTP Request: POST http://localhost:4000/v1/chat/completions "HTTP/1.1 200 OK"
INFO:httpx:HTTP Request: POST http://localhost:4000/v1/chat/completions "HTTP/1.1 200 OK"
INFO:httpx:HTTP Request: POST http://localhost:4000/v1/chat/completions "HTTP/1.1 200 OK"
INFO:httpx:HTTP Request: POST http://localhost:4000/v1/chat/completions "HTTP/1.1 200 OK"
INFO:httpx:HTTP Request: POST http://localhost:4000/v1/chat/completions "HTTP/1.1 200 OK"
INFO:httpx:HTTP Request: POST http://localhost:4000/v1/chat/completions "HTTP/1.1 200 OK"
INFO:agent-server:Answered in 70.7s (13 steps): 'Using a case-insensitive once-per-record whole-word unemployment search, which y'
INFO:     127.0.0.1:58418 - "POST /query HTTP/1.1" 200 OK
INFO:httpx:HTTP Request: POST http://localhost:4000/v1/chat/completions "HTTP/1.1 200 OK"
INFO:httpx:HTTP Request: POST http://localhost:4000/v1/chat/completions "HTTP/1.1 200 OK"
INFO:httpx:HTTP Request: POST http://localhost:4000/v1/chat/completions "HTTP/1.1 200 OK"
INFO:httpx:HTTP Request: POST http://localhost:4000/v1/chat/completions "HTTP/1.1 200 OK"
INFO:httpx:HTTP Request: POST http://localhost:4000/v1/chat/completions "HTTP/1.1 200 OK"
INFO:httpx:HTTP Request: POST http://localhost:4000/v1/chat/completions "HTTP/1.1 200 OK"
INFO:httpx:HTTP Request: POST http://localhost:4000/v1/chat/completions "HTTP/1.1 200 OK"
INFO:agent-server:Answered in 15.2s (5 steps): 'Retrieve the AFR article "Why investors don\'t believe the RBA on interest rates"'
INFO:     127.0.0.1:49254 - "POST /query HTTP/1.1" 200 OK
INFO:httpx:HTTP Request: POST http://localhost:4000/v1/chat/completions "HTTP/1.1 200 OK"
INFO:httpx:HTTP Request: POST http://localhost:4000/v1/chat/completions "HTTP/1.1 200 OK"
INFO:httpx:HTTP Request: POST http://localhost:4000/v1/chat/completions "HTTP/1.1 200 OK"
INFO:httpx:HTTP Request: POST http://localhost:4000/v1/chat/completions "HTTP/1.1 200 OK"
INFO:httpx:HTTP Request: POST http://localhost:4000/v1/chat/completions "HTTP/1.1 200 OK"
INFO:httpx:HTTP Request: POST http://localhost:4000/v1/chat/completions "HTTP/1.1 200 OK"
INFO:httpx:HTTP Request: POST http://localhost:4000/v1/chat/completions "HTTP/1.1 200 OK"
INFO:httpx:HTTP Request: POST http://localhost:4000/v1/chat/completions "HTTP/1.1 200 OK"
INFO:httpx:HTTP Request: POST http://localhost:4000/v1/chat/completions "HTTP/1.1 200 OK"
INFO:agent-server:Answered in 16.1s (8 steps): 'After the 5 Jun 2019 RBA cut, report the new target and the 5-12 Jun returns for'
INFO:     127.0.0.1:39762 - "POST /query HTTP/1.1" 200 OK
INFO:httpx:HTTP Request: POST http://localhost:4000/v1/chat/completions "HTTP/1.1 200 OK"
INFO:httpx:HTTP Request: POST http://localhost:4000/v1/chat/completions "HTTP/1.1 200 OK"
INFO:httpx:HTTP Request: POST http://localhost:4000/v1/chat/completions "HTTP/1.1 200 OK"
INFO:httpx:HTTP Request: POST http://localhost:4000/v1/chat/completions "HTTP/1.1 200 OK"
INFO:httpx:HTTP Request: POST http://localhost:4000/v1/chat/completions "HTTP/1.1 200 OK"
INFO:httpx:HTTP Request: POST http://localhost:4000/v1/chat/completions "HTTP/1.1 200 OK"
INFO:agent-server:Answered in 13.4s (5 steps): "Across the three 2019 RBA cuts, what was the non-Tabcorp basket's one-week retur"
INFO:     127.0.0.1:56490 - "POST /query HTTP/1.1" 200 OK
INFO:httpx:HTTP Request: POST http://localhost:4000/v1/chat/completions "HTTP/1.1 200 OK"
INFO:httpx:HTTP Request: POST http://localhost:4000/v1/chat/completions "HTTP/1.1 200 OK"
INFO:httpx:HTTP Request: POST http://localhost:4000/v1/chat/completions "HTTP/1.1 200 OK"
INFO:httpx:HTTP Request: POST http://localhost:4000/v1/chat/completions "HTTP/1.1 200 OK"
INFO:httpx:HTTP Request: POST http://localhost:4000/v1/chat/completions "HTTP/1.1 200 OK"
INFO:httpx:HTTP Request: POST http://localhost:4000/v1/chat/completions "HTTP/1.1 200 OK"
INFO:httpx:HTTP Request: POST http://localhost:4000/v1/chat/completions "HTTP/1.1 200 OK"
INFO:httpx:HTTP Request: POST http://localhost:4000/v1/chat/completions "HTTP/1.1 200 OK"
INFO:httpx:HTTP Request: POST http://localhost:4000/v1/chat/completions "HTTP/1.1 200 OK"
INFO:httpx:HTTP Request: POST http://localhost:4000/v1/chat/completions "HTTP/1.1 200 OK"
INFO:httpx:HTTP Request: POST http://localhost:4000/v1/chat/completions "HTTP/1.1 200 OK"
INFO:httpx:HTTP Request: POST http://localhost:4000/v1/chat/completions "HTTP/1.1 200 OK"
INFO:httpx:HTTP Request: POST http://localhost:4000/v1/chat/completions "HTTP/1.1 200 OK"
INFO:agent-server:Answered in 53.8s (13 steps): "For 2021, report the once-per-record whole-word QBE AFR count and QBE.AX's first"
INFO:     127.0.0.1:59540 - "POST /query HTTP/1.1" 200 OK
INFO:httpx:HTTP Request: POST http://localhost:4000/v1/chat/completions "HTTP/1.1 200 OK"
INFO:httpx:HTTP Request: POST http://localhost:4000/v1/chat/completions "HTTP/1.1 200 OK"
INFO:httpx:HTTP Request: POST http://localhost:4000/v1/chat/completions "HTTP/1.1 200 OK"
INFO:httpx:HTTP Request: POST http://localhost:4000/v1/chat/completions "HTTP/1.1 200 OK"
INFO:httpx:HTTP Request: POST http://localhost:4000/v1/chat/completions "HTTP/1.1 200 OK"
INFO:httpx:HTTP Request: POST http://localhost:4000/v1/chat/completions "HTTP/1.1 200 OK"
INFO:httpx:HTTP Request: POST http://localhost:4000/v1/chat/completions "HTTP/1.1 200 OK"
INFO:httpx:HTTP Request: POST http://localhost:4000/v1/chat/completions "HTTP/1.1 200 OK"
INFO:agent-server:Answered in 18.5s (6 steps): 'Retrieve the AFR article "Energy stocks shine as vaccines fuel oil rally" publis'
INFO:     127.0.0.1:40912 - "POST /query HTTP/1.1" 200 OK
INFO:httpx:HTTP Request: POST http://localhost:4000/v1/chat/completions "HTTP/1.1 200 OK"
INFO:httpx:HTTP Request: POST http://localhost:4000/v1/chat/completions "HTTP/1.1 200 OK"
INFO:httpx:HTTP Request: POST http://localhost:4000/v1/chat/completions "HTTP/1.1 200 OK"
INFO:httpx:HTTP Request: POST http://localhost:4000/v1/chat/completions "HTTP/1.1 200 OK"
INFO:httpx:HTTP Request: POST http://localhost:4000/v1/chat/completions "HTTP/1.1 200 OK"
INFO:httpx:HTTP Request: POST http://localhost:4000/v1/chat/completions "HTTP/1.1 200 OK"
INFO:httpx:HTTP Request: POST http://localhost:4000/v1/chat/completions "HTTP/1.1 200 OK"
INFO:httpx:HTTP Request: POST http://localhost:4000/v1/chat/completions "HTTP/1.1 200 OK"
INFO:httpx:HTTP Request: POST http://localhost:4000/v1/chat/completions "HTTP/1.1 200 OK"
INFO:httpx:HTTP Request: POST http://localhost:4000/v1/chat/completions "HTTP/1.1 200 OK"
INFO:httpx:HTTP Request: POST http://localhost:4000/v1/chat/completions "HTTP/1.1 200 OK"
INFO:httpx:HTTP Request: POST http://localhost:4000/v1/chat/completions "HTTP/1.1 200 OK"
INFO:httpx:HTTP Request: POST http://localhost:4000/v1/chat/completions "HTTP/1.1 200 OK"
INFO:agent-server:Answered in 24.4s (13 steps): 'For 2019, report the RBA cut count, cumulative change and year-end target; the A'
INFO:     127.0.0.1:36380 - "POST /query HTTP/1.1" 200 OK
INFO:httpx:HTTP Request: POST http://localhost:4000/v1/chat/completions "HTTP/1.1 200 OK"
INFO:httpx:HTTP Request: POST http://localhost:4000/v1/chat/completions "HTTP/1.1 200 OK"
INFO:httpx:HTTP Request: POST http://localhost:4000/v1/chat/completions "HTTP/1.1 200 OK"
INFO:httpx:HTTP Request: POST http://localhost:4000/v1/chat/completions "HTTP/1.1 200 OK"
INFO:httpx:HTTP Request: POST http://localhost:4000/v1/chat/completions "HTTP/1.1 200 OK"
INFO:agent-server:Answered in 12.1s (4 steps): 'Can the three supplied datasets support a fully observed analysis of how AFR new'
INFO:     127.0.0.1:37574 - "POST /query HTTP/1.1" 200 OK
